[2025-03-20 01:00:08,214] 24 root - INFO - Initiating data ingestion
[2025-03-20 01:00:08,451] 27 root - INFO - Data ingestion successful
[2025-03-20 01:00:09,689] 31 root - INFO - Data saved at: artifacts\raw_data.csv
[2025-03-20 01:00:09,704] 34 root - INFO - Splitting data into train and test
[2025-03-20 01:00:09,738] 36 root - INFO - Data split successful
[2025-03-20 01:00:10,959] 43 root - INFO - Train data saved at: artifacts\train_data.csv
[2025-03-20 01:00:10,959] 44 root - INFO - Test data saved at: artifacts\test_data.csv
[2025-03-20 01:00:10,959] 36 root - INFO - Initiating data transformation
[2025-03-20 01:00:11,225] 41 root - INFO - Data loaded successfully
[2025-03-20 01:00:11,225] 74 root - INFO - Initiating data transformation
[2025-03-20 01:00:11,272] 85 root - INFO - Pipeline Initiated
[2025-03-20 01:00:11,664] 53 root - INFO - Data transformation successful
[2025-03-20 01:00:11,680] 64 root - INFO - Preprocessor object saved at: artifacts\preprocessor.pkl
[2025-03-20 01:00:11,680] 26 root - INFO - Splitting data into train and test
[2025-03-20 01:00:12,599] 42 root - INFO - Model Report: {'LinearRegression': 0.9361253831282493, 'Lasso': 0.9361107946795251, 'Ridge': 0.9361250094980922}
[2025-03-20 01:00:12,599] 50 root - INFO - Best Model: LinearRegression with R2 Score: 0.9361253831282493
[2025-03-20 01:00:12,602] 23 root - INFO - Model Evaluation initiated
[2025-03-20 01:00:12,602] 34 root - INFO - Model Started successfully
[2025-03-20 01:00:12,932] 40 root - INFO - MLFlow run started
[2025-03-20 01:00:12,932] 60 root - INFO - Evaluation metrics calculated
