[2025-03-20 00:58:00,354] 24 root - INFO - Initiating data ingestion
[2025-03-20 00:58:00,590] 27 root - INFO - Data ingestion successful
[2025-03-20 00:58:01,859] 31 root - INFO - Data saved at: artifacts\raw_data.csv
[2025-03-20 00:58:01,859] 34 root - INFO - Splitting data into train and test
[2025-03-20 00:58:01,906] 36 root - INFO - Data split successful
[2025-03-20 00:58:03,177] 43 root - INFO - Train data saved at: artifacts\train_data.csv
[2025-03-20 00:58:03,177] 44 root - INFO - Test data saved at: artifacts\test_data.csv
[2025-03-20 00:58:03,177] 36 root - INFO - Initiating data transformation
[2025-03-20 00:58:03,505] 41 root - INFO - Data loaded successfully
[2025-03-20 00:58:03,505] 74 root - INFO - Initiating data transformation
[2025-03-20 00:58:03,505] 85 root - INFO - Pipeline Initiated
[2025-03-20 00:58:04,165] 53 root - INFO - Data transformation successful
[2025-03-20 00:58:04,183] 64 root - INFO - Preprocessor object saved at: artifacts\preprocessor.pkl
[2025-03-20 00:58:04,189] 26 root - INFO - Splitting data into train and test
[2025-03-20 00:58:06,396] 42 root - INFO - Model Report: {'LinearRegression': 0.9361253831282493, 'Lasso': 0.9361107946795251, 'Ridge': 0.9361250094980922}
[2025-03-20 00:58:06,413] 50 root - INFO - Best Model: LinearRegression with R2 Score: 0.9361253831282493
[2025-03-20 00:58:06,413] 23 root - INFO - Model Evaluation initiated
[2025-03-20 00:58:06,413] 34 root - INFO - Model Started successfully
[2025-03-20 00:58:06,986] 40 root - INFO - MLFlow run started
[2025-03-20 00:58:07,000] 60 root - INFO - Evaluation metrics calculated
